1608496823440	geckodriver	INFO	Listening on 127.0.0.1:38985
1608496824438	mozrunner::runner	INFO	Running command: "/usr/bin/firefox" "--marionette" "-foreground" "-no-remote" "-profile" "/tmp/rust_mozprofile4wMGWT"
console.warn: SearchSettings: "get: No settings file exists, new profile?" (new Error("", "(unknown module)"))
1608496827354	Marionette	INFO	Listening on port 38677
1608496827464	Marionette	WARN	TLS certificate errors will be ignored for this session
1608496844960	Marionette	INFO	Stopped listening on port 38677
1608496908780	geckodriver	INFO	Listening on 127.0.0.1:34505
1608496908783	mozrunner::runner	INFO	Running command: "/usr/bin/firefox" "--marionette" "-foreground" "-no-remote" "-profile" "/tmp/rust_mozprofileqHOIG2"
console.warn: SearchSettings: "get: No settings file exists, new profile?" (new Error("", "(unknown module)"))
1608496910775	Marionette	INFO	Listening on port 38331
1608496910818	Marionette	WARN	TLS certificate errors will be ignored for this session
1608496916150	Marionette	INFO	Stopped listening on port 38331
1608497170733	geckodriver	INFO	Listening on 127.0.0.1:45109
1608497170737	mozrunner::runner	INFO	Running command: "/usr/bin/firefox" "--marionette" "-headless" "-foreground" "-no-remote" "-profile" "/tmp/rust_mozprofilebJmZul"
*** You are running in headless mode.
console.warn: SearchSettings: "get: No settings file exists, new profile?" (new Error("", "(unknown module)"))
1608497172420	Marionette	INFO	Listening on port 33263
1608497172485	Marionette	WARN	TLS certificate errors will be ignored for this session
1608497220791	geckodriver	INFO	Listening on 127.0.0.1:44111
1608497220795	mozrunner::runner	INFO	Running command: "/usr/bin/firefox" "--marionette" "-foreground" "-no-remote" "-profile" "/tmp/rust_mozprofilenp9cFC"
console.warn: SearchSettings: "get: No settings file exists, new profile?" (new Error("", "(unknown module)"))
1608497223644	Marionette	INFO	Listening on port 38887
1608497223725	Marionette	WARN	TLS certificate errors will be ignored for this session
1608497230216	Marionette	INFO	Stopped listening on port 38887
1608497245310	geckodriver	INFO	Listening on 127.0.0.1:47361
1608497245314	mozrunner::runner	INFO	Running command: "/usr/bin/firefox" "--marionette" "-foreground" "-no-remote" "-profile" "/tmp/rust_mozprofileBBqwDK"
console.warn: SearchSettings: "get: No settings file exists, new profile?" (new Error("", "(unknown module)"))
1608497246906	Marionette	INFO	Listening on port 36929
1608497246972	Marionette	WARN	TLS certificate errors will be ignored for this session
1608497253326	Marionette	INFO	Stopped listening on port 36929
1608497311876	geckodriver	INFO	Listening on 127.0.0.1:47357
1608497311879	mozrunner::runner	INFO	Running command: "/usr/bin/firefox" "--marionette" "-foreground" "-no-remote" "-profile" "/tmp/rust_mozprofileczYLJW"
console.warn: SearchSettings: "get: No settings file exists, new profile?" (new Error("", "(unknown module)"))
1608497314026	Marionette	INFO	Listening on port 38039
1608497314100	Marionette	WARN	TLS certificate errors will be ignored for this session
1608497316814	Marionette	INFO	Stopped listening on port 38039
1608497359199	geckodriver	INFO	Listening on 127.0.0.1:42153
1608497359202	mozrunner::runner	INFO	Running command: "/usr/bin/firefox" "--marionette" "-foreground" "-no-remote" "-profile" "/tmp/rust_mozprofileeZGLBa"
console.warn: SearchSettings: "get: No settings file exists, new profile?" (new Error("", "(unknown module)"))
1608497361082	Marionette	INFO	Listening on port 41519
1608497361150	Marionette	WARN	TLS certificate errors will be ignored for this session
1608497361248	Marionette	INFO	Stopped listening on port 41519
1608497460501	geckodriver	INFO	Listening on 127.0.0.1:56585
1608497460504	mozrunner::runner	INFO	Running command: "/usr/bin/firefox" "--marionette" "-headless" "-foreground" "-no-remote" "-profile" "/tmp/rust_mozprofileVWxJ5P"
*** You are running in headless mode.
console.warn: SearchSettings: "get: No settings file exists, new profile?" (new Error("", "(unknown module)"))
1608497462394	Marionette	INFO	Listening on port 33703
1608497462425	Marionette	WARN	TLS certificate errors will be ignored for this session
1608497464226	Marionette	INFO	Stopped listening on port 33703
1608497493135	geckodriver	INFO	Listening on 127.0.0.1:38485
1608497493138	mozrunner::runner	INFO	Running command: "/usr/bin/firefox" "--marionette" "-headless" "-foreground" "-no-remote" "-profile" "/tmp/rust_mozprofilejTTKPG"
*** You are running in headless mode.
console.warn: SearchSettings: "get: No settings file exists, new profile?" (new Error("", "(unknown module)"))
1608497494899	Marionette	INFO	Listening on port 38847
1608497494958	Marionette	WARN	TLS certificate errors will be ignored for this session
1608497496837	Marionette	INFO	Stopped listening on port 38847
1608497504783	geckodriver	INFO	Listening on 127.0.0.1:60983
1608497504786	mozrunner::runner	INFO	Running command: "/usr/bin/firefox" "--marionette" "-headless" "-foreground" "-no-remote" "-profile" "/tmp/rust_mozprofileLPXzDz"
*** You are running in headless mode.
console.warn: SearchSettings: "get: No settings file exists, new profile?" (new Error("", "(unknown module)"))
1608497506574	Marionette	INFO	Listening on port 35857
1608497506615	Marionette	WARN	TLS certificate errors will be ignored for this session
1608497508441	Marionette	INFO	Stopped listening on port 35857
1608497532357	geckodriver	INFO	Listening on 127.0.0.1:35591
1608497532360	mozrunner::runner	INFO	Running command: "/usr/bin/firefox" "--marionette" "-headless" "-foreground" "-no-remote" "-profile" "/tmp/rust_mozprofiletjiKPB"
*** You are running in headless mode.
console.warn: SearchSettings: "get: No settings file exists, new profile?" (new Error("", "(unknown module)"))
1608497533832	Marionette	INFO	Listening on port 33053
1608497534080	Marionette	WARN	TLS certificate errors will be ignored for this session
1608497583760	Marionette	INFO	Stopped listening on port 33053
1608497637914	geckodriver	INFO	Listening on 127.0.0.1:51455
1608497637928	mozrunner::runner	INFO	Running command: "/usr/bin/firefox" "--marionette" "-headless" "-foreground" "-no-remote" "-profile" "/tmp/rust_mozprofilefhgxS7"
*** You are running in headless mode.
console.warn: SearchSettings: "get: No settings file exists, new profile?" (new Error("", "(unknown module)"))
1608497640444	Marionette	INFO	Listening on port 39041
1608497640585	Marionette	WARN	TLS certificate errors will be ignored for this session
1608497648592	Marionette	INFO	Stopped listening on port 39041
1608497769226	geckodriver	INFO	Listening on 127.0.0.1:40047
1608497769230	mozrunner::runner	INFO	Running command: "/usr/bin/firefox" "--marionette" "-headless" "-foreground" "-no-remote" "-profile" "/tmp/rust_mozprofileOvoIIA"
*** You are running in headless mode.
console.warn: SearchSettings: "get: No settings file exists, new profile?" (new Error("", "(unknown module)"))
1608497771056	Marionette	INFO	Listening on port 46081
1608497771196	Marionette	WARN	TLS certificate errors will be ignored for this session
Exiting due to channel error.
Exiting due to channel error.
Exiting due to channel error.
1608497815170	geckodriver	INFO	Listening on 127.0.0.1:40613
1608497815173	mozrunner::runner	INFO	Running command: "/usr/bin/firefox" "--marionette" "-headless" "-foreground" "-no-remote" "-profile" "/tmp/rust_mozprofileSKxVeG"
*** You are running in headless mode.
console.warn: SearchSettings: "get: No settings file exists, new profile?" (new Error("", "(unknown module)"))
1608497816537	Marionette	INFO	Listening on port 40863
1608497816735	Marionette	WARN	TLS certificate errors will be ignored for this session
1608497846597	Marionette	INFO	Stopped listening on port 40863
1608499031365	geckodriver	INFO	Listening on 127.0.0.1:46571
1608499031373	mozrunner::runner	INFO	Running command: "/usr/bin/firefox" "--marionette" "-headless" "-foreground" "-no-remote" "-profile" "/tmp/rust_mozprofilecQqCzm"
*** You are running in headless mode.
console.warn: SearchSettings: "get: No settings file exists, new profile?" (new Error("", "(unknown module)"))
1608499033920	Marionette	INFO	Listening on port 40757
1608499034004	Marionette	WARN	TLS certificate errors will be ignored for this session
Exiting due to channel error.
Exiting due to channel error.
Exiting due to channel error.
1608499091350	geckodriver	INFO	Listening on 127.0.0.1:43473
1608499091355	mozrunner::runner	INFO	Running command: "/usr/bin/firefox" "--marionette" "-headless" "-foreground" "-no-remote" "-profile" "/tmp/rust_mozprofileeROVAI"
*** You are running in headless mode.
console.warn: SearchSettings: "get: No settings file exists, new profile?" (new Error("", "(unknown module)"))
1608499093510	Marionette	INFO	Listening on port 39725
1608499093584	Marionette	WARN	TLS certificate errors will be ignored for this session
Exiting due to channel error.
Exiting due to channel error.
Exiting due to channel error.
1608499151033	geckodriver	INFO	Listening on 127.0.0.1:59247
1608499151041	mozrunner::runner	INFO	Running command: "/usr/bin/firefox" "--marionette" "-headless" "-foreground" "-no-remote" "-profile" "/tmp/rust_mozprofileWMHNQz"
*** You are running in headless mode.
console.warn: SearchSettings: "get: No settings file exists, new profile?" (new Error("", "(unknown module)"))
1608499152875	Marionette	INFO	Listening on port 45241
1608499152967	Marionette	WARN	TLS certificate errors will be ignored for this session
Exiting due to channel error.
Exiting due to channel error.
Exiting due to channel error.
1608499171123	geckodriver	INFO	Listening on 127.0.0.1:43021
1608499171126	mozrunner::runner	INFO	Running command: "/usr/bin/firefox" "--marionette" "-headless" "-foreground" "-no-remote" "-profile" "/tmp/rust_mozprofilelydiwR"
*** You are running in headless mode.
console.warn: SearchSettings: "get: No settings file exists, new profile?" (new Error("", "(unknown module)"))
1608499173079	Marionette	INFO	Listening on port 45491
1608499173148	Marionette	WARN	TLS certificate errors will be ignored for this session
Exiting due to channel error.
Exiting due to channel error.
Exiting due to channel error.
1608499391623	geckodriver	INFO	Listening on 127.0.0.1:55931
1608499391627	mozrunner::runner	INFO	Running command: "/usr/bin/firefox" "--marionette" "-headless" "-foreground" "-no-remote" "-profile" "/tmp/rust_mozprofileOJDnxl"
*** You are running in headless mode.
console.warn: SearchSettings: "get: No settings file exists, new profile?" (new Error("", "(unknown module)"))
1608499393438	Marionette	INFO	Listening on port 38107
1608499393546	Marionette	WARN	TLS certificate errors will be ignored for this session
Exiting due to channel error.
Exiting due to channel error.
Exiting due to channel error.
1608499514776	geckodriver	INFO	Listening on 127.0.0.1:54923
1608499514780	mozrunner::runner	INFO	Running command: "/usr/bin/firefox" "--marionette" "-headless" "-foreground" "-no-remote" "-profile" "/tmp/rust_mozprofileC1RnyK"
*** You are running in headless mode.
console.warn: SearchSettings: "get: No settings file exists, new profile?" (new Error("", "(unknown module)"))
1608499516744	Marionette	INFO	Listening on port 34425
1608499516802	Marionette	WARN	TLS certificate errors will be ignored for this session
Exiting due to channel error.
Exiting due to channel error.
Exiting due to channel error.
1608499622084	geckodriver	INFO	Listening on 127.0.0.1:44437
1608499622088	mozrunner::runner	INFO	Running command: "/usr/bin/firefox" "--marionette" "-headless" "-foreground" "-no-remote" "-profile" "/tmp/rust_mozprofile7TDSsb"
*** You are running in headless mode.
console.warn: SearchSettings: "get: No settings file exists, new profile?" (new Error("", "(unknown module)"))
1608499623929	Marionette	INFO	Listening on port 43283
1608499624010	Marionette	WARN	TLS certificate errors will be ignored for this session
Exiting due to channel error.
Exiting due to channel error.
Exiting due to channel error.
1608499661644	geckodriver	INFO	Listening on 127.0.0.1:52451
1608499661649	mozrunner::runner	INFO	Running command: "/usr/bin/firefox" "--marionette" "-headless" "-foreground" "-no-remote" "-profile" "/tmp/rust_mozprofiletfQ8YB"
*** You are running in headless mode.
console.warn: SearchSettings: "get: No settings file exists, new profile?" (new Error("", "(unknown module)"))
1608499663684	Marionette	INFO	Listening on port 44057
1608499663772	Marionette	WARN	TLS certificate errors will be ignored for this session
Exiting due to channel error.
Exiting due to channel error.
Exiting due to channel error.
1608499724157	geckodriver	INFO	Listening on 127.0.0.1:54477
1608499724161	mozrunner::runner	INFO	Running command: "/usr/bin/firefox" "--marionette" "-headless" "-foreground" "-no-remote" "-profile" "/tmp/rust_mozprofileOkFdwv"
*** You are running in headless mode.
console.warn: SearchSettings: "get: No settings file exists, new profile?" (new Error("", "(unknown module)"))
1608499726099	Marionette	INFO	Listening on port 32917
1608499726222	Marionette	WARN	TLS certificate errors will be ignored for this session
Exiting due to channel error.
Exiting due to channel error.
Exiting due to channel error.
1608499764069	geckodriver	INFO	Listening on 127.0.0.1:51701
1608499764072	mozrunner::runner	INFO	Running command: "/usr/bin/firefox" "--marionette" "-headless" "-foreground" "-no-remote" "-profile" "/tmp/rust_mozprofileXmpha7"
*** You are running in headless mode.
console.warn: SearchSettings: "get: No settings file exists, new profile?" (new Error("", "(unknown module)"))
1608499766043	Marionette	INFO	Listening on port 33189
1608499766106	Marionette	WARN	TLS certificate errors will be ignored for this session
Exiting due to channel error.
Exiting due to channel error.
Exiting due to channel error.
1608499794056	geckodriver	INFO	Listening on 127.0.0.1:51767
1608499794061	mozrunner::runner	INFO	Running command: "/usr/bin/firefox" "--marionette" "-headless" "-foreground" "-no-remote" "-profile" "/tmp/rust_mozprofilezZbA5s"
*** You are running in headless mode.
console.warn: SearchSettings: "get: No settings file exists, new profile?" (new Error("", "(unknown module)"))
1608499795945	Marionette	INFO	Listening on port 44495
1608499795980	Marionette	WARN	TLS certificate errors will be ignored for this session
Exiting due to channel error.
Exiting due to channel error.
Exiting due to channel error.
1608499815248	geckodriver	INFO	Listening on 127.0.0.1:36517
1608499815252	mozrunner::runner	INFO	Running command: "/usr/bin/firefox" "--marionette" "-headless" "-foreground" "-no-remote" "-profile" "/tmp/rust_mozprofilezEHrlS"
*** You are running in headless mode.
console.warn: SearchSettings: "get: No settings file exists, new profile?" (new Error("", "(unknown module)"))
1608499817227	Marionette	INFO	Listening on port 37423
1608499817271	Marionette	WARN	TLS certificate errors will be ignored for this session
1608499822291	Marionette	INFO	Stopped listening on port 37423

###!!! [Child][RunMessage] Error: Channel closing: too late to send/recv, messages will be lost

1608500422631	geckodriver	INFO	Listening on 127.0.0.1:49175
1608500422635	mozrunner::runner	INFO	Running command: "/usr/bin/firefox" "--marionette" "-headless" "-foreground" "-no-remote" "-profile" "/tmp/rust_mozprofilenNpyUQ"
*** You are running in headless mode.
console.warn: SearchSettings: "get: No settings file exists, new profile?" (new Error("", "(unknown module)"))
1608500424804	Marionette	INFO	Listening on port 36591
1608500424897	Marionette	WARN	TLS certificate errors will be ignored for this session
1608500450583	Marionette	INFO	Stopped listening on port 36591
1608500526816	geckodriver	INFO	Listening on 127.0.0.1:39077
1608500526820	mozrunner::runner	INFO	Running command: "/usr/bin/firefox" "--marionette" "-headless" "-foreground" "-no-remote" "-profile" "/tmp/rust_mozprofilelXdTL1"
*** You are running in headless mode.
console.warn: SearchSettings: "get: No settings file exists, new profile?" (new Error("", "(unknown module)"))
1608500528839	Marionette	INFO	Listening on port 37775
1608500528943	Marionette	WARN	TLS certificate errors will be ignored for this session
Exiting due to channel error.
Exiting due to channel error.
[GFX1-]: Receive IPC close with reason=AbnormalShutdown
Exiting due to channel error.
1608500587526	geckodriver	INFO	Listening on 127.0.0.1:44769
1608500587529	mozrunner::runner	INFO	Running command: "/usr/bin/firefox" "--marionette" "-headless" "-foreground" "-no-remote" "-profile" "/tmp/rust_mozprofile0XRUTT"
*** You are running in headless mode.
console.warn: SearchSettings: "get: No settings file exists, new profile?" (new Error("", "(unknown module)"))
1608500589021	Marionette	INFO	Listening on port 43489
1608500589074	Marionette	WARN	TLS certificate errors will be ignored for this session
1608500607216	Marionette	INFO	Stopped listening on port 43489
1608500642099	geckodriver	INFO	Listening on 127.0.0.1:39729
1608500642102	mozrunner::runner	INFO	Running command: "/usr/bin/firefox" "--marionette" "-headless" "-foreground" "-no-remote" "-profile" "/tmp/rust_mozprofileRzPHcv"
*** You are running in headless mode.
console.warn: SearchSettings: "get: No settings file exists, new profile?" (new Error("", "(unknown module)"))
1608500644069	Marionette	INFO	Listening on port 43909
1608500644122	Marionette	WARN	TLS certificate errors will be ignored for this session
1608500658328	Marionette	INFO	Stopped listening on port 43909
1608500694005	geckodriver	INFO	Listening on 127.0.0.1:35381
1608500694008	mozrunner::runner	INFO	Running command: "/usr/bin/firefox" "--marionette" "-headless" "-foreground" "-no-remote" "-profile" "/tmp/rust_mozprofilefLEOVG"
*** You are running in headless mode.
console.warn: SearchSettings: "get: No settings file exists, new profile?" (new Error("", "(unknown module)"))
1608500695837	Marionette	INFO	Listening on port 39661
1608500695933	Marionette	WARN	TLS certificate errors will be ignored for this session
1608500714553	Marionette	INFO	Stopped listening on port 39661
1608501213195	geckodriver	INFO	Listening on 127.0.0.1:52461
1608501213198	mozrunner::runner	INFO	Running command: "/usr/bin/firefox" "--marionette" "-headless" "-foreground" "-no-remote" "-profile" "/tmp/rust_mozprofileO9JdK1"
*** You are running in headless mode.
console.warn: SearchSettings: "get: No settings file exists, new profile?" (new Error("", "(unknown module)"))
1608501214976	Marionette	INFO	Listening on port 42847
1608501215044	Marionette	WARN	TLS certificate errors will be ignored for this session
Exiting due to channel error.
Exiting due to channel error.
Exiting due to channel error.
1608501262923	geckodriver	INFO	Listening on 127.0.0.1:37375
1608501262926	mozrunner::runner	INFO	Running command: "/usr/bin/firefox" "--marionette" "-headless" "-foreground" "-no-remote" "-profile" "/tmp/rust_mozprofilegSuJaI"
*** You are running in headless mode.
console.warn: SearchSettings: "get: No settings file exists, new profile?" (new Error("", "(unknown module)"))
1608501264816	Marionette	INFO	Listening on port 40097
1608501264848	Marionette	WARN	TLS certificate errors will be ignored for this session
1608501281251	Marionette	INFO	Stopped listening on port 40097
1608501323542	geckodriver	INFO	Listening on 127.0.0.1:33049
1608501323545	mozrunner::runner	INFO	Running command: "/usr/bin/firefox" "--marionette" "-headless" "-foreground" "-no-remote" "-profile" "/tmp/rust_mozprofileJhuaPO"
*** You are running in headless mode.
console.warn: SearchSettings: "get: No settings file exists, new profile?" (new Error("", "(unknown module)"))
1608501325458	Marionette	INFO	Listening on port 36941
1608501325567	Marionette	WARN	TLS certificate errors will be ignored for this session
Exiting due to channel error.
Exiting due to channel error.
Exiting due to channel error.
1608501424684	geckodriver	INFO	Listening on 127.0.0.1:45183
1608501424687	mozrunner::runner	INFO	Running command: "/usr/bin/firefox" "--marionette" "-headless" "-foreground" "-no-remote" "-profile" "/tmp/rust_mozprofileIZj48D"
*** You are running in headless mode.
console.warn: SearchSettings: "get: No settings file exists, new profile?" (new Error("", "(unknown module)"))
1608501426427	Marionette	INFO	Listening on port 33779
1608501426536	Marionette	WARN	TLS certificate errors will be ignored for this session
Exiting due to channel error.
Exiting due to channel error.
Exiting due to channel error.
1608501454273	geckodriver	INFO	Listening on 127.0.0.1:50499
1608501454276	mozrunner::runner	INFO	Running command: "/usr/bin/firefox" "--marionette" "-headless" "-foreground" "-no-remote" "-profile" "/tmp/rust_mozprofileUc3Ewe"
*** You are running in headless mode.
console.warn: SearchSettings: "get: No settings file exists, new profile?" (new Error("", "(unknown module)"))
1608501456149	Marionette	INFO	Listening on port 35839
1608501456199	Marionette	WARN	TLS certificate errors will be ignored for this session
1608501482332	Marionette	INFO	Stopped listening on port 35839

###!!! [Child][RunMessage] Error: Channel closing: too late to send/recv, messages will be lost

1608505733718	geckodriver	INFO	Listening on 127.0.0.1:45701
1608505733723	mozrunner::runner	INFO	Running command: "/usr/bin/firefox" "--marionette" "-headless" "-foreground" "-no-remote" "-profile" "/tmp/rust_mozprofileWgkmFJ"
*** You are running in headless mode.
console.warn: SearchSettings: "get: No settings file exists, new profile?" (new Error("", "(unknown module)"))
1608505735648	Marionette	INFO	Listening on port 44423
1608505735744	Marionette	WARN	TLS certificate errors will be ignored for this session
1608505771127	Marionette	INFO	Stopped listening on port 44423
1608508568827	geckodriver	INFO	Listening on 127.0.0.1:46917
1608508568833	mozrunner::runner	INFO	Running command: "/usr/bin/firefox" "--marionette" "-headless" "-foreground" "-no-remote" "-profile" "/tmp/rust_mozprofilebrfv3H"
*** You are running in headless mode.
console.warn: SearchSettings: "get: No settings file exists, new profile?" (new Error("", "(unknown module)"))
1608508571372	Marionette	INFO	Listening on port 35129
1608508571459	Marionette	WARN	TLS certificate errors will be ignored for this session
1608508606840	Marionette	INFO	Stopped listening on port 35129
1608574284299	geckodriver	INFO	Listening on 127.0.0.1:56911
1608574285313	mozrunner::runner	INFO	Running command: "/usr/bin/firefox" "--marionette" "-headless" "-foreground" "-no-remote" "-profile" "/tmp/rust_mozprofileIJH1mW"
*** You are running in headless mode.
console.warn: SearchSettings: "get: No settings file exists, new profile?" (new Error("", "(unknown module)"))
1608574287219	Marionette	INFO	Listening on port 40735
1608574287585	Marionette	WARN	TLS certificate errors will be ignored for this session
Exiting due to channel error.
Exiting due to channel error.
Exiting due to channel error.
1608574359835	geckodriver	INFO	Listening on 127.0.0.1:53771
1608574359838	mozrunner::runner	INFO	Running command: "/usr/bin/firefox" "--marionette" "-headless" "-foreground" "-no-remote" "-profile" "/tmp/rust_mozprofileyBy8mZ"
*** You are running in headless mode.
console.warn: SearchSettings: "get: No settings file exists, new profile?" (new Error("", "(unknown module)"))
1608574361687	Marionette	INFO	Listening on port 42753
1608574361760	Marionette	WARN	TLS certificate errors will be ignored for this session
Exiting due to channel error.
[GFX1-]: Receive IPC close with reason=AbnormalShutdown
Exiting due to channel error.
Exiting due to channel error.
1608574520571	geckodriver	INFO	Listening on 127.0.0.1:33187
1608574520574	mozrunner::runner	INFO	Running command: "/usr/bin/firefox" "--marionette" "-headless" "-foreground" "-no-remote" "-profile" "/tmp/rust_mozprofileGSApRn"
*** You are running in headless mode.
console.warn: SearchSettings: "get: No settings file exists, new profile?" (new Error("", "(unknown module)"))
1608574522490	Marionette	INFO	Listening on port 43721
1608574522594	Marionette	WARN	TLS certificate errors will be ignored for this session
1608574536419	Marionette	INFO	Stopped listening on port 43721
1608574576884	geckodriver	INFO	Listening on 127.0.0.1:47765
1608574576887	mozrunner::runner	INFO	Running command: "/usr/bin/firefox" "--marionette" "-headless" "-foreground" "-no-remote" "-profile" "/tmp/rust_mozprofilec0YZjL"
*** You are running in headless mode.
console.warn: SearchSettings: "get: No settings file exists, new profile?" (new Error("", "(unknown module)"))
1608574578403	Marionette	INFO	Listening on port 44759
1608574578702	Marionette	WARN	TLS certificate errors will be ignored for this session
Exiting due to channel error.
[GFX1-]: Receive IPC close with reason=AbnormalShutdown
Exiting due to channel error.
Exiting due to channel error.
1608574652877	geckodriver	INFO	Listening on 127.0.0.1:47877
1608574652880	mozrunner::runner	INFO	Running command: "/usr/bin/firefox" "--marionette" "-headless" "-foreground" "-no-remote" "-profile" "/tmp/rust_mozprofilewz6fe0"
*** You are running in headless mode.
console.warn: SearchSettings: "get: No settings file exists, new profile?" (new Error("", "(unknown module)"))
1608574654679	Marionette	INFO	Listening on port 45135
1608574654701	Marionette	WARN	TLS certificate errors will be ignored for this session
Exiting due to channel error.
Exiting due to channel error.
Exiting due to channel error.
1608574690597	geckodriver	INFO	Listening on 127.0.0.1:34741
1608574690600	mozrunner::runner	INFO	Running command: "/usr/bin/firefox" "--marionette" "-headless" "-foreground" "-no-remote" "-profile" "/tmp/rust_mozprofileqIF6qO"
*** You are running in headless mode.
console.warn: SearchSettings: "get: No settings file exists, new profile?" (new Error("", "(unknown module)"))
1608574692505	Marionette	INFO	Listening on port 36117
1608574692567	Marionette	WARN	TLS certificate errors will be ignored for this session
1608574746976	Marionette	INFO	Stopped listening on port 36117
1608575049323	geckodriver	INFO	Listening on 127.0.0.1:55911
1608575049326	mozrunner::runner	INFO	Running command: "/usr/bin/firefox" "--marionette" "-headless" "-foreground" "-no-remote" "-profile" "/tmp/rust_mozprofileT8nvoF"
*** You are running in headless mode.
console.warn: SearchSettings: "get: No settings file exists, new profile?" (new Error("", "(unknown module)"))
1608575051192	Marionette	INFO	Listening on port 46053
1608575051255	Marionette	WARN	TLS certificate errors will be ignored for this session
Exiting due to channel error.
Exiting due to channel error.
Exiting due to channel error.
1608575116813	geckodriver	INFO	Listening on 127.0.0.1:48201
1608575116816	mozrunner::runner	INFO	Running command: "/usr/bin/firefox" "--marionette" "-headless" "-foreground" "-no-remote" "-profile" "/tmp/rust_mozprofileZ0S7gH"
*** You are running in headless mode.
console.warn: SearchSettings: "get: No settings file exists, new profile?" (new Error("", "(unknown module)"))
1608575118543	Marionette	INFO	Listening on port 45823
1608575118678	Marionette	WARN	TLS certificate errors will be ignored for this session
1608575143904	Marionette	INFO	Stopped listening on port 45823
